<?xml version="1.0" encoding="UTF-8"?>
<!-- Generated by org.testng.reporters.JUnitReportReporter -->
<testsuite hostname="IBM-PF3DEZ5G" failures="0" tests="1" name="com.qa.testscripts.TC_Amazon_01" time="3.590" errors="0" timestamp="2022-05-02T15:43:47 SGT" skipped="0">
  <testcase classname="com.qa.testscripts.TC_Amazon_01" name="searchItem" time="3.590"/>
  <system-out>
    <![CDATA[The user is on amazon home page
The title have the search item
The Count of Monte Cristo
How To Win Friends & Influence People, International Bestseller
The Da Vinci Code: (Robert Langdon Book 2) (Robert Langdon, 2)
The Da Vinci Code (Abridged Edition)
DA VINCI CODE
The Da Vinci Code
The Da Vinci Code: A Novel: 2 (Robert Langdon)
The Da Vinci Code 10th Anniversary Edition
Der Da Vinci Code: Robert Langdon 2
The Da Vinci Code
Greatest Works of Edgar Allan Poe
HOMER: The Iliad & the Odyssey (Deluxe Hardbound Edition)
Dan Brown - The Da Vinci Code, Deception Point, The Lost Symbol
The Da Vinci Code
The Da Vinci Code Revisited
The Da Vinci Code
THE DA VINCI CODE : A QUEST FOR ANSWERS (Hindi) हिंदी
The Da Vinci Code Phenomenon – Why Its Claims Struck a Chord: Why the Claims of Dan Brown Strike a Chord
Cracking the Da Vinci Code: The Unauthorized Guide to the Facts Behind the Fiction
Davinci Code
Think & Grow Rich: THE 21st CENTURY EDITION
The Canterbury Tales]]>
  </system-out>
</testsuite> <!-- com.qa.testscripts.TC_Amazon_01 -->
