<?xml version="1.0" encoding="UTF-8"?>
<!-- Generated by org.testng.reporters.JUnitReportReporter -->
<testsuite hostname="IBM-PF3DEZ5G" failures="0" tests="5" name="com.qa.testscripts.TC_Google_04" time="27.348" errors="0" timestamp="2022-05-02T17:57:40 SGT" skipped="0">
  <testcase classname="com.qa.testscripts.TC_Google_04" name="searchItem" time="3.521"/>
  <system-out>
    <![CDATA[The user is on google home page

The title have the search item]]>
  </system-out>
  <testcase classname="com.qa.testscripts.TC_Google_04" name="searchItem" time="5.903"/>
  <system-out>
    <![CDATA[The user is on google home page
automation testing
automation testing tools
automation testing tools list
automation testing framework
automation testing types
automation testing life cycle
automation testing selenium
automation testing meaning
automation testing vs manual testing
automation testing example

The title have the search item]]>
  </system-out>
  <testcase classname="com.qa.testscripts.TC_Google_04" name="searchItem" time="3.318"/>
  <system-out>
    <![CDATA[The user is on google home page

The title have the search item]]>
  </system-out>
  <testcase classname="com.qa.testscripts.TC_Google_04" name="searchItem" time="5.376"/>
  <system-out>
    <![CDATA[The user is on google home page
performance testing
performance testing tools
performance testing in software testing
performance testing types
performance testing using jmeter
performance testing vs load testing
performance testing meaning
performance testing approach
performance testing metrics
performance testing procedure

The title have the search item]]>
  </system-out>
  <testcase classname="com.qa.testscripts.TC_Google_04" name="searchItem" time="9.230"/>
  <system-out>
    <![CDATA[The user is on google home page
software testing
software testing life cycle
software testing tools
software testing methodologies
software testing example
software testing interview questions
software testing types
software testing techniques
software testing meaning
software testing process

The title have the search item]]>
  </system-out>
</testsuite> <!-- com.qa.testscripts.TC_Google_04 -->
